<?xml version="1.0" encoding="UTF-8"?>
<testsuite xmlns:xsi="http://www.w3.org/2001/XMLSchema-instance" xsi:noNamespaceSchemaLocation="https://maven.apache.org/surefire/maven-surefire-plugin/xsd/surefire-test-report-3.0.xsd" version="3.0" name="com.ransomshield.detection.DetectionTest" time="0.273" tests="8" errors="0" skipped="0" failures="0">
  <properties>
[...]
</properties>
  <testcase name="canaryNameMatchesThroughRenameSuffix" classname="com.ransomshield.detection.DetectionTest" time="0.175"/>
  <testcase name="missingFileScoresZero" classname="com.ransomshield.detection.DetectionTest" time="0.003"/>
  <testcase name="ransomwareExtensionDetected" classname="com.ransomshield.detection.DetectionTest" time="0.003"/>
  <testcase name="burstAgainstBaselineTriggers" classname="com.ransomshield.detection.DetectionTest" time="0.003"/>
  <testcase name="entropyPlusExtensionScoresAboveThreshold" classname="com.ransomshield.detection.DetectionTest" time="0.004"/>
  <testcase name="plainTextScoresLowEntropy" classname="com.ransomshield.detection.DetectionTest" time="0.011"/>
  <testcase name="randomBytesScoreNearMaxEntropy" classname="com.ransomshield.detection.DetectionTest" time="0.009"/>
  <testcase name="canaryTriggerIsAnAttackEvenAtZeroScore" classname="com.ransomshield.detection.DetectionTest" time="0.005"/>
</testsuite>